{"D:\\incture_react_004\\React\\vite_testing_app\\src\\App.jsx": {"path":"D:\\incture_react_004\\React\\vite_testing_app\\src\\App.jsx","statementMap":{"0":{"start":{"line":6,"column":2},"end":{"line":10,"column":3}}},"fnMap":{"0":{"name":"App","decl":{"start":{"line":4,"column":9},"end":{"line":4,"column":12}},"loc":{"start":{"line":4,"column":15},"end":{"line":11,"column":1}},"line":4}},"branchMap":{},"s":{"0":1},"f":{"0":1},"b":{},"_coverageSchema":"1a1c01bbd47fc00a2c39e90264f33305004495a9","hash":"76ed55ddb6aeff5aeab22a57893b50f0ad03854e"}
,"D:\\incture_react_004\\React\\vite_testing_app\\src\\main.jsx": {"path":"D:\\incture_react_004\\React\\vite_testing_app\\src\\main.jsx","statementMap":{"0":{"start":{"line":6,"column":0},"end":{"line":10,"column":1}}},"fnMap":{},"branchMap":{},"s":{"0":0},"f":{},"b":{}}
}
